{"level":"info","message":"Server is running on port 3000","timestamp":"2024-11-19T03:15:44.984Z"}
{"level":"info","message":"Starting scheduled jobs","timestamp":"2024-11-19T03:15:44.990Z"}
{"level":"info","message":"Recurring order processing job scheduled","timestamp":"2024-11-19T03:15:44.999Z"}
{"level":"info","message":"Server is running on port 3000","timestamp":"2024-11-19T03:36:31.602Z"}
{"level":"info","message":"Starting scheduled jobs","timestamp":"2024-11-19T03:36:31.607Z"}
{"level":"info","message":"Recurring order processing job scheduled","timestamp":"2024-11-19T03:36:31.638Z"}
{"level":"info","message":"Server is running on port 3000","timestamp":"2024-11-20T05:22:46.667Z"}
{"level":"info","message":"Starting scheduled jobs","timestamp":"2024-11-20T05:22:46.669Z"}
{"level":"info","message":"Recurring order processing job scheduled","timestamp":"2024-11-20T05:22:46.674Z"}
{"level":"info","message":"Server is running on port 3000","timestamp":"2024-11-20T06:05:59.725Z"}
{"level":"info","message":"Starting scheduled jobs","timestamp":"2024-11-20T06:05:59.728Z"}
{"level":"info","message":"Recurring order processing job scheduled","timestamp":"2024-11-20T06:05:59.732Z"}
{"level":"info","message":"SIGINT received. Starting graceful shutdown...","timestamp":"2024-11-20T06:10:55.805Z"}
{"level":"info","message":"Server is running on port 3000","timestamp":"2024-11-20T06:11:08.361Z"}
{"level":"info","message":"Starting scheduled jobs","timestamp":"2024-11-20T06:11:08.365Z"}
{"level":"info","message":"Recurring order processing job scheduled","timestamp":"2024-11-20T06:11:08.369Z"}
{"level":"info","message":"Supabase client initialized successfully","timestamp":"2024-12-19T12:17:25.327Z"}
{"level":"info","message":"Starting scheduled jobs","timestamp":"2024-12-19T12:17:29.334Z"}
{"level":"info","message":"Recurring order processing job scheduled","timestamp":"2024-12-19T12:17:29.338Z"}
{"level":"info","message":"Supabase client initialized successfully","timestamp":"2024-12-19T12:56:17.446Z"}
{"level":"info","message":"Starting scheduled jobs","timestamp":"2024-12-19T12:56:21.412Z"}
{"level":"info","message":"Recurring order processing job scheduled","timestamp":"2024-12-19T12:56:21.416Z"}
{"level":"info","message":"Supabase client initialized successfully","timestamp":"2024-12-19T13:23:17.963Z"}
{"level":"info","message":"Starting scheduled jobs","timestamp":"2024-12-19T13:23:24.486Z"}
{"level":"info","message":"Recurring order processing job scheduled","timestamp":"2024-12-19T13:23:24.491Z"}
{"level":"info","message":"Supabase client initialized successfully","timestamp":"2024-12-19T13:23:56.996Z"}
{"level":"info","message":"Starting scheduled jobs","timestamp":"2024-12-19T13:24:02.511Z"}
{"level":"info","message":"Recurring order processing job scheduled","timestamp":"2024-12-19T13:24:02.516Z"}
{"level":"info","message":"Supabase client initialized successfully","timestamp":"2024-12-19T13:24:58.825Z"}
{"level":"info","message":"Starting scheduled jobs","timestamp":"2024-12-19T13:25:03.910Z"}
{"level":"info","message":"Recurring order processing job scheduled","timestamp":"2024-12-19T13:25:03.914Z"}
{"level":"info","message":"Supabase client initialized successfully","timestamp":"2024-12-19T13:28:03.829Z"}
{"level":"info","message":"Starting scheduled jobs","timestamp":"2024-12-19T13:28:08.100Z"}
{"level":"info","message":"Recurring order processing job scheduled","timestamp":"2024-12-19T13:28:08.105Z"}
